2018-10-26T14:23:22+00:00 INFO Queuing 3.4.0 - wc_update_340_states
2018-10-26T14:23:22+00:00 INFO Queuing 3.4.0 - wc_update_340_state
2018-10-26T14:23:22+00:00 INFO Queuing 3.4.0 - wc_update_340_last_active
2018-10-26T14:23:22+00:00 INFO Queuing 3.4.0 - wc_update_340_db_version
2018-10-26T14:23:22+00:00 INFO Queuing 3.4.3 - wc_update_343_cleanup_foreign_keys
2018-10-26T14:23:22+00:00 INFO Queuing 3.4.3 - wc_update_343_db_version
2018-10-26T14:23:22+00:00 INFO Queuing 3.4.4 - wc_update_344_recreate_roles
2018-10-26T14:23:22+00:00 INFO Queuing 3.4.4 - wc_update_344_db_version
2018-10-26T14:23:22+00:00 INFO Queuing 3.5.0 - wc_update_350_order_customer_id
2018-10-26T14:23:22+00:00 INFO Queuing 3.5.0 - wc_update_350_reviews_comment_type
2018-10-26T14:23:22+00:00 INFO Queuing 3.5.0 - wc_update_350_db_version
2018-10-26T14:23:24+00:00 INFO Running wc_update_340_states callback
2018-10-26T14:23:24+00:00 INFO Finished running wc_update_340_states callback
2018-10-26T14:23:24+00:00 INFO Running wc_update_340_state callback
2018-10-26T14:23:24+00:00 INFO wc_update_340_state callback needs to run again
2018-10-26T14:23:24+00:00 INFO Running wc_update_340_last_active callback
2018-10-26T14:23:24+00:00 INFO Finished running wc_update_340_last_active callback
2018-10-26T14:23:24+00:00 INFO Running wc_update_340_db_version callback
2018-10-26T14:23:24+00:00 INFO Finished running wc_update_340_db_version callback
2018-10-26T14:23:24+00:00 INFO Running wc_update_343_cleanup_foreign_keys callback
2018-10-26T14:23:24+00:00 INFO Finished running wc_update_343_cleanup_foreign_keys callback
2018-10-26T14:23:24+00:00 INFO Running wc_update_343_db_version callback
2018-10-26T14:23:24+00:00 INFO Finished running wc_update_343_db_version callback
2018-10-26T14:23:24+00:00 INFO Running wc_update_344_recreate_roles callback
2018-10-26T14:23:25+00:00 INFO Finished running wc_update_344_recreate_roles callback
2018-10-26T14:23:25+00:00 INFO Running wc_update_344_db_version callback
2018-10-26T14:23:25+00:00 INFO Finished running wc_update_344_db_version callback
2018-10-26T14:23:25+00:00 INFO Running wc_update_350_order_customer_id callback
2018-10-26T14:23:25+00:00 INFO Finished running wc_update_350_order_customer_id callback
2018-10-26T14:23:25+00:00 INFO Running wc_update_350_reviews_comment_type callback
2018-10-26T14:23:25+00:00 INFO Finished running wc_update_350_reviews_comment_type callback
2018-10-26T14:23:25+00:00 INFO Running wc_update_350_db_version callback
2018-10-26T14:23:25+00:00 INFO Finished running wc_update_350_db_version callback
2018-10-26T14:23:25+00:00 INFO Running wc_update_340_state callback
2018-10-26T14:23:25+00:00 INFO wc_update_340_state callback needs to run again
2018-10-26T14:23:25+00:00 INFO Running wc_update_340_state callback
2018-10-26T14:23:25+00:00 INFO wc_update_340_state callback needs to run again
2018-10-26T14:23:25+00:00 INFO Running wc_update_340_state callback
2018-10-26T14:23:25+00:00 INFO wc_update_340_state callback needs to run again
2018-10-26T14:23:25+00:00 INFO Running wc_update_340_state callback
2018-10-26T14:23:25+00:00 INFO wc_update_340_state callback needs to run again
2018-10-26T14:23:25+00:00 INFO Running wc_update_340_state callback
2018-10-26T14:23:25+00:00 INFO wc_update_340_state callback needs to run again
2018-10-26T14:23:25+00:00 INFO Running wc_update_340_state callback
2018-10-26T14:23:25+00:00 INFO wc_update_340_state callback needs to run again
2018-10-26T14:23:25+00:00 INFO Running wc_update_340_state callback
2018-10-26T14:23:25+00:00 INFO wc_update_340_state callback needs to run again
2018-10-26T14:23:25+00:00 INFO Running wc_update_340_state callback
2018-10-26T14:23:25+00:00 INFO wc_update_340_state callback needs to run again
2018-10-26T14:23:25+00:00 INFO Running wc_update_340_state callback
2018-10-26T14:23:25+00:00 INFO wc_update_340_state callback needs to run again
2018-10-26T14:23:25+00:00 INFO Running wc_update_340_state callback
2018-10-26T14:23:25+00:00 INFO wc_update_340_state callback needs to run again
2018-10-26T14:23:25+00:00 INFO Running wc_update_340_state callback
2018-10-26T14:23:25+00:00 INFO wc_update_340_state callback needs to run again
2018-10-26T14:23:25+00:00 INFO Running wc_update_340_state callback
2018-10-26T14:23:25+00:00 INFO wc_update_340_state callback needs to run again
2018-10-26T14:23:25+00:00 INFO Running wc_update_340_state callback
2018-10-26T14:23:25+00:00 INFO wc_update_340_state callback needs to run again
2018-10-26T14:23:25+00:00 INFO Running wc_update_340_state callback
2018-10-26T14:23:25+00:00 INFO wc_update_340_state callback needs to run again
2018-10-26T14:23:25+00:00 INFO Running wc_update_340_state callback
2018-10-26T14:23:25+00:00 INFO wc_update_340_state callback needs to run again
2018-10-26T14:23:25+00:00 INFO Running wc_update_340_state callback
2018-10-26T14:23:25+00:00 INFO wc_update_340_state callback needs to run again
2018-10-26T14:23:25+00:00 INFO Running wc_update_340_state callback
2018-10-26T14:23:25+00:00 INFO wc_update_340_state callback needs to run again
2018-10-26T14:23:25+00:00 INFO Running wc_update_340_state callback
2018-10-26T14:23:25+00:00 INFO wc_update_340_state callback needs to run again
2018-10-26T14:23:25+00:00 INFO Running wc_update_340_state callback
2018-10-26T14:23:25+00:00 INFO wc_update_340_state callback needs to run again
2018-10-26T14:23:25+00:00 INFO Running wc_update_340_state callback
2018-10-26T14:23:25+00:00 INFO wc_update_340_state callback needs to run again
2018-10-26T14:23:25+00:00 INFO Running wc_update_340_state callback
2018-10-26T14:23:25+00:00 INFO wc_update_340_state callback needs to run again
2018-10-26T14:23:25+00:00 INFO Running wc_update_340_state callback
2018-10-26T14:23:25+00:00 INFO wc_update_340_state callback needs to run again
2018-10-26T14:23:25+00:00 INFO Running wc_update_340_state callback
2018-10-26T14:23:25+00:00 INFO wc_update_340_state callback needs to run again
2018-10-26T14:23:25+00:00 INFO Running wc_update_340_state callback
2018-10-26T14:23:25+00:00 INFO wc_update_340_state callback needs to run again
2018-10-26T14:23:25+00:00 INFO Running wc_update_340_state callback
2018-10-26T14:23:25+00:00 INFO wc_update_340_state callback needs to run again
2018-10-26T14:23:25+00:00 INFO Running wc_update_340_state callback
2018-10-26T14:23:25+00:00 INFO wc_update_340_state callback needs to run again
2018-10-26T14:23:25+00:00 INFO Running wc_update_340_state callback
2018-10-26T14:23:25+00:00 INFO wc_update_340_state callback needs to run again
2018-10-26T14:23:25+00:00 INFO Running wc_update_340_state callback
2018-10-26T14:23:25+00:00 INFO wc_update_340_state callback needs to run again
2018-10-26T14:23:25+00:00 INFO Running wc_update_340_state callback
2018-10-26T14:23:25+00:00 INFO wc_update_340_state callback needs to run again
2018-10-26T14:23:25+00:00 INFO Running wc_update_340_state callback
2018-10-26T14:23:25+00:00 INFO wc_update_340_state callback needs to run again
2018-10-26T14:23:25+00:00 INFO Running wc_update_340_state callback
2018-10-26T14:23:25+00:00 INFO wc_update_340_state callback needs to run again
2018-10-26T14:23:25+00:00 INFO Running wc_update_340_state callback
2018-10-26T14:23:25+00:00 INFO wc_update_340_state callback needs to run again
2018-10-26T14:23:25+00:00 INFO Running wc_update_340_state callback
2018-10-26T14:23:25+00:00 INFO wc_update_340_state callback needs to run again
2018-10-26T14:23:25+00:00 INFO Running wc_update_340_state callback
2018-10-26T14:23:25+00:00 INFO wc_update_340_state callback needs to run again
2018-10-26T14:23:25+00:00 INFO Running wc_update_340_state callback
2018-10-26T14:23:25+00:00 INFO wc_update_340_state callback needs to run again
2018-10-26T14:23:25+00:00 INFO Running wc_update_340_state callback
2018-10-26T14:23:25+00:00 INFO wc_update_340_state callback needs to run again
2018-10-26T14:23:25+00:00 INFO Running wc_update_340_state callback
2018-10-26T14:23:25+00:00 INFO wc_update_340_state callback needs to run again
2018-10-26T14:23:25+00:00 INFO Running wc_update_340_state callback
2018-10-26T14:23:25+00:00 INFO wc_update_340_state callback needs to run again
2018-10-26T14:23:25+00:00 INFO Running wc_update_340_state callback
2018-10-26T14:23:25+00:00 INFO wc_update_340_state callback needs to run again
2018-10-26T14:23:25+00:00 INFO Running wc_update_340_state callback
2018-10-26T14:23:25+00:00 INFO wc_update_340_state callback needs to run again
2018-10-26T14:23:25+00:00 INFO Running wc_update_340_state callback
2018-10-26T14:23:25+00:00 INFO wc_update_340_state callback needs to run again
2018-10-26T14:23:25+00:00 INFO Running wc_update_340_state callback
2018-10-26T14:23:25+00:00 INFO wc_update_340_state callback needs to run again
2018-10-26T14:23:25+00:00 INFO Running wc_update_340_state callback
2018-10-26T14:23:25+00:00 INFO wc_update_340_state callback needs to run again
2018-10-26T14:23:25+00:00 INFO Running wc_update_340_state callback
2018-10-26T14:23:25+00:00 INFO wc_update_340_state callback needs to run again
2018-10-26T14:23:25+00:00 INFO Running wc_update_340_state callback
2018-10-26T14:23:25+00:00 INFO wc_update_340_state callback needs to run again
2018-10-26T14:23:25+00:00 INFO Running wc_update_340_state callback
2018-10-26T14:23:25+00:00 INFO wc_update_340_state callback needs to run again
2018-10-26T14:23:25+00:00 INFO Running wc_update_340_state callback
2018-10-26T14:23:25+00:00 INFO wc_update_340_state callback needs to run again
2018-10-26T14:23:25+00:00 INFO Running wc_update_340_state callback
2018-10-26T14:23:25+00:00 INFO wc_update_340_state callback needs to run again
2018-10-26T14:23:25+00:00 INFO Running wc_update_340_state callback
2018-10-26T14:23:25+00:00 INFO wc_update_340_state callback needs to run again
2018-10-26T14:23:25+00:00 INFO Running wc_update_340_state callback
2018-10-26T14:23:25+00:00 INFO wc_update_340_state callback needs to run again
2018-10-26T14:23:25+00:00 INFO Running wc_update_340_state callback
2018-10-26T14:23:25+00:00 INFO wc_update_340_state callback needs to run again
2018-10-26T14:23:25+00:00 INFO Running wc_update_340_state callback
2018-10-26T14:23:25+00:00 INFO wc_update_340_state callback needs to run again
2018-10-26T14:23:25+00:00 INFO Running wc_update_340_state callback
2018-10-26T14:23:25+00:00 INFO wc_update_340_state callback needs to run again
2018-10-26T14:23:25+00:00 INFO Running wc_update_340_state callback
2018-10-26T14:23:25+00:00 INFO wc_update_340_state callback needs to run again
2018-10-26T14:23:25+00:00 INFO Running wc_update_340_state callback
2018-10-26T14:23:25+00:00 INFO wc_update_340_state callback needs to run again
2018-10-26T14:23:25+00:00 INFO Running wc_update_340_state callback
2018-10-26T14:23:25+00:00 INFO wc_update_340_state callback needs to run again
2018-10-26T14:23:25+00:00 INFO Running wc_update_340_state callback
2018-10-26T14:23:25+00:00 INFO wc_update_340_state callback needs to run again
2018-10-26T14:23:25+00:00 INFO Running wc_update_340_state callback
2018-10-26T14:23:25+00:00 INFO wc_update_340_state callback needs to run again
2018-10-26T14:23:25+00:00 INFO Running wc_update_340_state callback
2018-10-26T14:23:25+00:00 INFO wc_update_340_state callback needs to run again
2018-10-26T14:23:25+00:00 INFO Running wc_update_340_state callback
2018-10-26T14:23:25+00:00 INFO wc_update_340_state callback needs to run again
2018-10-26T14:23:25+00:00 INFO Running wc_update_340_state callback
2018-10-26T14:23:25+00:00 INFO wc_update_340_state callback needs to run again
2018-10-26T14:23:25+00:00 INFO Running wc_update_340_state callback
2018-10-26T14:23:25+00:00 INFO wc_update_340_state callback needs to run again
2018-10-26T14:23:25+00:00 INFO Running wc_update_340_state callback
2018-10-26T14:23:25+00:00 INFO wc_update_340_state callback needs to run again
2018-10-26T14:23:25+00:00 INFO Running wc_update_340_state callback
2018-10-26T14:23:25+00:00 INFO wc_update_340_state callback needs to run again
2018-10-26T14:23:25+00:00 INFO Running wc_update_340_state callback
2018-10-26T14:23:25+00:00 INFO wc_update_340_state callback needs to run again
2018-10-26T14:23:25+00:00 INFO Running wc_update_340_state callback
2018-10-26T14:23:25+00:00 INFO Finished running wc_update_340_state callback
2018-10-26T14:23:25+00:00 INFO Data update complete
